<?xml version="1.0" encoding="UTF-8"?>
<!-- Generated by org.testng.reporters.JUnitXMLReporter -->
<testsuite ignored="2" hostname="LAPTOP-9F7R9QLI" failures="0" tests="1" name="Test" time="16.213" errors="0" timestamp="2025-12-30T15:09:42 IST">
  <testcase classname="com.comcast.crm.baseTest.CreateOrgWithBaseClassTest" name="createOrg" time="6.678"/>
  <testcase classname="com.comcast.crm.baseTest.CreateOrgWithBaseClassTest" name="createOrgWithIndustriesAndType" time="0.0">
    <ignored/>
  </testcase> <!-- createOrgWithIndustriesAndType -->
  <testcase classname="com.comcast.crm.baseTest.CreateOrgWithBaseClassTest" name="createOrgWithPhoneNumber" time="0.0">
    <ignored/>
  </testcase> <!-- createOrgWithPhoneNumber -->
</testsuite> <!-- Test -->
