<?xml version="1.0" encoding="UTF-8"?>
<!-- Generated by org.testng.reporters.JUnitReportReporter -->
<testsuite hostname="LAPTOP-9F7R9QLI" failures="0" tests="3" name="com.comcast.crm.baseTest.CreateContactWithBaseClassTest" time="29.807" errors="0" timestamp="2025-12-25T22:30:57 IST" skipped="0">
  <testcase classname="com.comcast.crm.baseTest.CreateContactWithBaseClassTest" name="createContactWithLastName" time="6.454"/>
  <testcase classname="com.comcast.crm.baseTest.CreateContactWithBaseClassTest" name="createContactWithOrg" time="12.373"/>
  <testcase classname="com.comcast.crm.baseTest.CreateContactWithBaseClassTest" name="createContactWithStartAndEndDate" time="10.980"/>
</testsuite> <!-- com.comcast.crm.baseTest.CreateContactWithBaseClassTest -->
