<?xml version="1.0" encoding="UTF-8"?>
<!-- Generated by org.testng.reporters.JUnitReportReporter -->
<testsuite hostname="LAPTOP-9F7R9QLI" failures="0" tests="3" name="com.comcast.crm.baseTest.CreateOrgWithBaseClass3Test" time="32.506" errors="0" timestamp="2025-12-26T00:01:34 IST" skipped="0">
  <testcase classname="com.comcast.crm.baseTest.CreateOrgWithBaseClass3Test" name="createOrgWithPhoneNumber" time="9.485"/>
  <testcase classname="com.comcast.crm.baseTest.CreateOrgWithBaseClass3Test" name="createOrg" time="9.775"/>
  <testcase classname="com.comcast.crm.baseTest.CreateOrgWithBaseClass3Test" name="createOrgWithIndustriesAndType" time="13.246"/>
</testsuite> <!-- com.comcast.crm.baseTest.CreateOrgWithBaseClass3Test -->
