<?xml version="1.0" encoding="UTF-8"?>
<!-- Generated by org.testng.reporters.JUnitReportReporter -->
<testsuite hostname="LAPTOP-9F7R9QLI" failures="0" tests="2" name="com.comcast.crm.Assert.HomePageVerificationTest" time="12.979" errors="0" timestamp="2026-01-06T00:52:01 IST" skipped="0">
  <testcase classname="com.comcast.crm.Assert.HomePageVerificationTest" name="homePageTest" time="7.178"/>
  <testcase classname="com.comcast.crm.Assert.HomePageVerificationTest" name="verifyLogoHomePageTest" time="5.801"/>
</testsuite> <!-- com.comcast.crm.Assert.HomePageVerificationTest -->
