<?xml version="1.0" encoding="UTF-8"?>
<!-- Generated by org.testng.reporters.JUnitReportReporter -->
<testsuite hostname="LAPTOP-9F7R9QLI" failures="0" tests="2" name="com.comcast.crm.ExtentReport.SampleReportTest" time="5.439" errors="0" timestamp="2025-12-29T15:24:44 IST" skipped="0">
  <testcase classname="com.comcast.crm.ExtentReport.SampleReportTest" name="createContactWithPhoneNumber" time="0.002"/>
  <testcase classname="com.comcast.crm.ExtentReport.SampleReportTest" name="createContactTest" time="5.437"/>
</testsuite> <!-- com.comcast.crm.ExtentReport.SampleReportTest -->
