<?xml version="1.0" encoding="UTF-8"?>
<!-- Generated by org.testng.reporters.JUnitReportReporter -->
<testsuite hostname="LAPTOP-9F7R9QLI" failures="0" tests="2" name="com.comcast.crm.baseTest.CreateOrgWithBaseClass2Test" time="18.268" errors="0" timestamp="2025-12-25T23:26:56 IST" skipped="0">
  <testcase classname="com.comcast.crm.baseTest.CreateOrgWithBaseClass2Test" name="createOrgWithPhoneNumber" time="9.799"/>
  <testcase classname="com.comcast.crm.baseTest.CreateOrgWithBaseClass2Test" name="createOrg" time="8.469"/>
</testsuite> <!-- com.comcast.crm.baseTest.CreateOrgWithBaseClass2Test -->
