<?xml version="1.0" encoding="UTF-8"?>
<!-- Generated by org.testng.reporters.JUnitReportReporter -->
<testsuite hostname="LAPTOP-9F7R9QLI" failures="0" tests="3" name="com.comcast.crm.Parallelexecution.CreateContactDistributedExecutionTest" time="32.729" errors="0" timestamp="2025-12-26T12:03:45 IST" skipped="0">
  <testcase classname="com.comcast.crm.Parallelexecution.CreateContactDistributedExecutionTest" name="createContactWithLastName" time="8.713"/>
  <testcase classname="com.comcast.crm.Parallelexecution.CreateContactDistributedExecutionTest" name="createContactWithStartAndEndDate" time="11.671"/>
  <testcase classname="com.comcast.crm.Parallelexecution.CreateContactDistributedExecutionTest" name="createContactWithOrg" time="12.345"/>
</testsuite> <!-- com.comcast.crm.Parallelexecution.CreateContactDistributedExecutionTest -->
