<?xml version="1.0" encoding="UTF-8"?>
<!-- Generated by org.testng.reporters.JUnitReportReporter -->
<testsuite hostname="LAPTOP-9F7R9QLI" failures="0" tests="1" name="com.comcast.crm.baseTest.CreateContactWithBaseClass4Test" time="10.931" errors="0" timestamp="2025-12-26T00:12:04 IST" skipped="0">
  <testcase classname="com.comcast.crm.baseTest.CreateContactWithBaseClass4Test" name="createContactWithLastName" time="10.931"/>
</testsuite> <!-- com.comcast.crm.baseTest.CreateContactWithBaseClass4Test -->
