<?xml version="1.0" encoding="UTF-8"?>
<!-- Generated by org.testng.reporters.JUnitReportReporter -->
<testsuite hostname="LAPTOP-9F7R9QLI" failures="0" tests="2" name="com.comcast.crm.baseTest.CreateContactWithBaseClass2Test" time="16.840" errors="0" timestamp="2025-12-25T23:26:56 IST" skipped="0">
  <testcase classname="com.comcast.crm.baseTest.CreateContactWithBaseClass2Test" name="createContactWithLastName" time="6.655"/>
  <testcase classname="com.comcast.crm.baseTest.CreateContactWithBaseClass2Test" name="createContactWithStartAndEndDate" time="10.185"/>
</testsuite> <!-- com.comcast.crm.baseTest.CreateContactWithBaseClass2Test -->
