<?xml version="1.0" encoding="UTF-8"?>
<!-- Generated by org.testng.reporters.JUnitReportReporter -->
<testsuite hostname="LAPTOP-9F7R9QLI" failures="0" tests="3" name="com.comcast.crm.baseTest.CreateContactWithBaseClass3Test" time="33.952" errors="0" timestamp="2025-12-26T00:01:34 IST" skipped="0">
  <testcase classname="com.comcast.crm.baseTest.CreateContactWithBaseClass3Test" name="createContactWithStartAndEndDate" time="8.837"/>
  <testcase classname="com.comcast.crm.baseTest.CreateContactWithBaseClass3Test" name="createContactWithOrg" time="14.138"/>
  <testcase classname="com.comcast.crm.baseTest.CreateContactWithBaseClass3Test" name="createContactWithLastName" time="10.977"/>
</testsuite> <!-- com.comcast.crm.baseTest.CreateContactWithBaseClass3Test -->
