<?xml version="1.0" encoding="UTF-8"?>
<!-- Generated by org.testng.reporters.JUnitReportReporter -->
<testsuite hostname="LAPTOP-9F7R9QLI" failures="0" tests="3" name="com.comcast.crm.Parallelexecution.CreateOrgDistributedExecutionTest" time="31.378" errors="0" timestamp="2025-12-26T12:03:45 IST" skipped="0">
  <testcase classname="com.comcast.crm.Parallelexecution.CreateOrgDistributedExecutionTest" name="createOrgWithPhoneNumber" time="8.229"/>
  <testcase classname="com.comcast.crm.Parallelexecution.CreateOrgDistributedExecutionTest" name="createOrgWithIndustriesAndType" time="14.259"/>
  <testcase classname="com.comcast.crm.Parallelexecution.CreateOrgDistributedExecutionTest" name="createOrg" time="8.890"/>
</testsuite> <!-- com.comcast.crm.Parallelexecution.CreateOrgDistributedExecutionTest -->
