<?xml version="1.0" encoding="UTF-8"?>
<testng-results ignored="2" total="3" passed="1" failed="0" skipped="0">
  <reporter-output>
  </reporter-output>
  <suite started-at="2025-12-30T15:09:26 IST" name="Suite" finished-at="2025-12-30T15:09:42 IST" duration-ms="16213">
    <groups>
    </groups>
    <test started-at="2025-12-30T15:09:26 IST" name="Test" finished-at="2025-12-30T15:09:42 IST" duration-ms="16213">
      <class name="com.comcast.crm.baseTest.CreateOrgWithBaseClassTest">
        <test-method is-config="true" signature="configBS()[pri:0, instance:com.comcast.crm.baseTest.CreateOrgWithBaseClassTest@e4487af]" started-at="2025-12-30T15:09:26 IST" name="configBS" finished-at="2025-12-30T15:09:26 IST" duration-ms="17" status="PASS">
          <reporter-output>
          </reporter-output>
        </test-method> <!-- configBS -->
        <test-method is-config="true" signature="configBC()[pri:0, instance:com.comcast.crm.baseTest.CreateOrgWithBaseClassTest@e4487af]" started-at="2025-12-30T15:09:26 IST" name="configBC" finished-at="2025-12-30T15:09:29 IST" duration-ms="3152" status="PASS">
          <reporter-output>
          </reporter-output>
        </test-method> <!-- configBC -->
        <test-method is-config="true" signature="configBM()[pri:0, instance:com.comcast.crm.baseTest.CreateOrgWithBaseClassTest@e4487af]" started-at="2025-12-30T15:09:29 IST" name="configBM" finished-at="2025-12-30T15:09:34 IST" duration-ms="4833" status="PASS">
          <reporter-output>
          </reporter-output>
        </test-method> <!-- configBM -->
        <test-method signature="createOrg()[pri:0, instance:com.comcast.crm.baseTest.CreateOrgWithBaseClassTest@e4487af]" started-at="2025-12-30T15:09:34 IST" name="createOrg" finished-at="2025-12-30T15:09:40 IST" duration-ms="6678" status="PASS">
          <reporter-output>
          </reporter-output>
        </test-method> <!-- createOrg -->
        <test-method is-config="true" signature="configAM()[pri:0, instance:com.comcast.crm.baseTest.CreateOrgWithBaseClassTest@e4487af]" started-at="2025-12-30T15:09:40 IST" name="configAM" finished-at="2025-12-30T15:09:41 IST" duration-ms="1015" status="PASS">
          <reporter-output>
          </reporter-output>
        </test-method> <!-- configAM -->
        <test-method is-config="true" signature="configAC()[pri:0, instance:com.comcast.crm.baseTest.CreateOrgWithBaseClassTest@e4487af]" started-at="2025-12-30T15:09:41 IST" name="configAC" finished-at="2025-12-30T15:09:42 IST" duration-ms="471" status="PASS">
          <reporter-output>
          </reporter-output>
        </test-method> <!-- configAC -->
        <test-method is-config="true" signature="configAS()[pri:0, instance:com.comcast.crm.baseTest.CreateOrgWithBaseClassTest@e4487af]" started-at="2025-12-30T15:09:42 IST" name="configAS" finished-at="2025-12-30T15:09:42 IST" duration-ms="1" status="PASS">
          <reporter-output>
          </reporter-output>
        </test-method> <!-- configAS -->
      </class> <!-- com.comcast.crm.baseTest.CreateOrgWithBaseClassTest -->
    </test> <!-- Test -->
  </suite> <!-- Suite -->
</testng-results>
