<?xml version="1.0" encoding="UTF-8"?>
<!-- Generated by org.testng.reporters.JUnitXMLReporter -->
<testsuite ignored="0" hostname="LAPTOP-9F7R9QLI" failures="0" tests="3" name="Default test" time="36.496" errors="0" timestamp="2025-12-30T02:14:53 IST">
  <testcase classname="com.comcast.crm.baseTest.CreateOrgWithBaseClassTest" name="CreateOrgWithIndustriesAndType" time="10.512"/>
  <testcase classname="com.comcast.crm.baseTest.CreateOrgWithBaseClassTest" name="CreateOrgWithPhoneNumber" time="6.074"/>
  <testcase classname="com.comcast.crm.baseTest.CreateOrgWithBaseClassTest" name="createOrg" time="6.099"/>
</testsuite> <!-- Default test -->
